#
# A fatal error has been detected by the Java Runtime Environment:
#
#  Internal Error (javaClasses.cpp:127), pid=15524, tid=16048
#  fatal error: Invalid layout of preloaded class
#
# JRE version:  (8.0_45-b15) (build )
# Java VM: Java HotSpot(TM) 64-Bit Server VM (25.45-b02 mixed mode windows-amd64 compressed oops)
# Failed to write core dump. Minidumps are not enabled by default on client versions of Windows
#
# If you would like to submit a bug report, please visit:
#   http://bugreport.java.com/bugreport/crash.jsp
#

---------------  T H R E A D  ---------------

Current thread (0x000000000123d800):  JavaThread "Unknown thread" [_thread_in_vm, id=16048, stack(0x0000000002b20000,0x0000000002c20000)]

Stack: [0x0000000002b20000,0x0000000002c20000]
Native frames: (J=compiled Java code, j=interpreted, Vv=VM code, C=native code)
V  [jvm.dll+0x32b57a]
V  [jvm.dll+0x279873]
V  [jvm.dll+0x27a509]
V  [jvm.dll+0x2717a6]
V  [jvm.dll+0x68183]
V  [jvm.dll+0x68273]
V  [jvm.dll+0x7d74a]
V  [jvm.dll+0x7dab6]
V  [jvm.dll+0xf2157]
V  [jvm.dll+0xf24e6]
V  [jvm.dll+0x20f097]
V  [jvm.dll+0x240e0a]
V  [jvm.dll+0x15ba41]
C  [javaw.exe+0x217e]
C  [javaw.exe+0xcd17]
C  [javaw.exe+0xcdab]
C  [KERNEL32.DLL+0x13d2]
C  [ntdll.dll+0x15444]


---------------  P R O C E S S  ---------------

Java Threads: ( => current thread )

Other Threads:

=>0x000000000123d800 (exited) JavaThread "Unknown thread" [_thread_in_vm, id=16048, stack(0x0000000002b20000,0x0000000002c20000)]

VM state:not at safepoint (not fully initialized)

VM Mutex/Monitor currently owned by a thread: None

GC Heap History (0 events):
No events

Deoptimization events (0 events):
No events

Internal exceptions (0 events):
No events

Events (10 events):
Event: 0.015 loading class java/lang/CharSequence done
Event: 0.015 loading class java/lang/String done
Event: 0.015 loading class java/lang/Class
Event: 0.015 loading class java/lang/reflect/AnnotatedElement
Event: 0.015 loading class java/lang/reflect/AnnotatedElement done
Event: 0.015 loading class java/lang/reflect/GenericDeclaration
Event: 0.015 loading class java/lang/reflect/GenericDeclaration done
Event: 0.015 loading class java/lang/reflect/Type
Event: 0.015 loading class java/lang/reflect/Type done
Event: 0.016 loading class java/lang/Class done


Dynamic libraries:
0x00007ff7630c0000 - 0x00007ff7630f7000 	C:\Program Files\Java\jre1.8.0_45\bin\javaw.exe
0x00007ffa70a70000 - 0x00007ffa70c1c000 	C:\Windows\SYSTEM32\ntdll.dll
0x00007ffa6fc70000 - 0x00007ffa6fdae000 	C:\Windows\system32\KERNEL32.DLL
0x00007ffa6ddf0000 - 0x00007ffa6df05000 	C:\Windows\system32\KERNELBASE.dll
0x00007ffa6c760000 - 0x00007ffa6c7ee000 	C:\Windows\system32\apphelp.dll
0x00007ffa5a700000 - 0x00007ffa5a753000 	C:\Windows\AppPatch\AppPatch64\AcGenral.DLL
0x00007ffa6fbc0000 - 0x00007ffa6fc6a000 	C:\Windows\system32\msvcrt.dll
0x00007ffa6da60000 - 0x00007ffa6da8e000 	C:\Windows\SYSTEM32\SspiCli.dll
0x00007ffa6e3f0000 - 0x00007ffa6e444000 	C:\Windows\system32\SHLWAPI.dll
0x00007ffa6e0f0000 - 0x00007ffa6e267000 	C:\Windows\system32\USER32.dll
0x00007ffa70720000 - 0x00007ffa708b4000 	C:\Windows\system32\ole32.dll
0x00007ffa6e6a0000 - 0x00007ffa6fbb8000 	C:\Windows\system32\SHELL32.dll
0x00007ffa6d1e0000 - 0x00007ffa6d201000 	C:\Windows\SYSTEM32\USERENV.dll
0x00007ffa70220000 - 0x00007ffa702ca000 	C:\Windows\system32\ADVAPI32.dll
0x00007ffa64ab0000 - 0x00007ffa64ace000 	C:\Windows\SYSTEM32\MPR.dll
0x00007ffa6e4d0000 - 0x00007ffa6e611000 	C:\Windows\system32\RPCRT4.dll
0x00007ffa6ffd0000 - 0x00007ffa70029000 	C:\Windows\SYSTEM32\sechost.dll
0x00007ffa70430000 - 0x00007ffa70641000 	C:\Windows\SYSTEM32\combase.dll
0x00007ffa6fe70000 - 0x00007ffa6ffc1000 	C:\Windows\system32\GDI32.dll
0x00007ffa6dbc0000 - 0x00007ffa6dbd5000 	C:\Windows\SYSTEM32\profapi.dll
0x00007ffa6c110000 - 0x00007ffa6c1c2000 	C:\Windows\SYSTEM32\SHCORE.dll
0x00007ffa6e350000 - 0x00007ffa6e386000 	C:\Windows\system32\IMM32.DLL
0x00007ffa702d0000 - 0x00007ffa70422000 	C:\Windows\system32\MSCTF.dll
0x00007ffa6bc80000 - 0x00007ffa6befb000 	C:\Windows\WinSxS\amd64_microsoft.windows.common-controls_6595b64144ccf1df_6.0.9600.17784_none_624760d1ecb7236e\COMCTL32.dll
0x00000000565c0000 - 0x0000000056692000 	C:\Program Files\Java\jre1.8.0_45\bin\msvcr100.dll
0x0000000056ad0000 - 0x0000000057353000 	C:\Program Files\Java\jre1.8.0_45\bin\server\jvm.dll
0x00007ffa5c8c0000 - 0x00007ffa5c8c9000 	C:\Windows\SYSTEM32\WSOCK32.dll
0x00007ffa6b1d0000 - 0x00007ffa6b1f2000 	C:\Windows\SYSTEM32\WINMM.dll
0x00007ffa6b6d0000 - 0x00007ffa6b6da000 	C:\Windows\SYSTEM32\VERSION.dll
0x00007ffa6e340000 - 0x00007ffa6e347000 	C:\Windows\system32\PSAPI.DLL
0x00007ffa6e450000 - 0x00007ffa6e4aa000 	C:\Windows\system32\WS2_32.dll
0x00007ffa6b030000 - 0x00007ffa6b05a000 	C:\Windows\SYSTEM32\WINMMBASE.dll
0x00007ffa70650000 - 0x00007ffa70659000 	C:\Windows\system32\NSI.dll
0x00007ffa6dda0000 - 0x00007ffa6ddef000 	C:\Windows\SYSTEM32\cfgmgr32.dll
0x00007ffa6c9b0000 - 0x00007ffa6c9d8000 	C:\Windows\SYSTEM32\DEVOBJ.dll
0x0000000056ac0000 - 0x0000000056acf000 	C:\Program Files\Java\jre1.8.0_45\bin\verify.dll
0x0000000056a90000 - 0x0000000056ab9000 	C:\Program Files\Java\jre1.8.0_45\bin\java.dll
0x0000000056a70000 - 0x0000000056a86000 	C:\Program Files\Java\jre1.8.0_45\bin\zip.dll
0x00007ffa5ccb0000 - 0x00007ffa5ce39000 	C:\Windows\SYSTEM32\dbghelp.dll

VM Arguments:
jvm_args: -Dfile.encoding=Cp1252 -Xbootclasspath:C:\Users\Douglas\AppData\Local\Android\android-sdk\platforms\android-22\android.jar 
java_command: 
java_class_path (initial): C:\Users\Douglas\Documents\TappyTurtle\android\bin\classes;C:\Users\Douglas\Documents\TappyTurtle\libs\tween-engine-api-sources.jar;C:\Users\Douglas\Documents\TappyTurtle\libs\tween-engine-api.jar;C:\Users\Douglas\.gradle\caches\modules-2\files-2.1\com.badlogicgames.gdx\gdx\1.6.1\bb5fe9832bcfe4bbc1de6bd357085b8a2a845d9c\gdx-1.6.1.jar;C:\Users\Douglas\.gradle\caches\modules-2\files-2.1\com.badlogicgames.gdx\gdx-box2d\1.6.1\54d45169ae4f97d6ae4fe9daed87d80eea700f67\gdx-box2d-1.6.1.jar;C:\Users\Douglas\Documents\TappyTurtle\core\bin;C:\Users\Douglas\.gradle\caches\modules-2\files-2.1\com.badlogicgames.gdx\gdx-backend-android\1.6.1\b9a5bc4404bab9feff8963bb0bd4685164e0166c\gdx-backend-android-1.6.1.jar
Launcher Type: SUN_STANDARD

Environment Variables:
PATH=C:/Program Files/Java/jre1.8.0_45/bin/server;C:/Program Files/Java/jre1.8.0_45/bin;C:/Program Files/Java/jre1.8.0_45/lib/amd64;C:\ProgramData\Oracle\Java\javapath;C:\Program Files (x86)\Intel\iCLS Client\;C:\Program Files\Intel\iCLS Client\;C:\Windows\system32;C:\Windows;C:\Windows\System32\Wbem;C:\Windows\System32\WindowsPowerShell\v1.0\;C:\Program Files\Intel\WiFi\bin\;C:\Program Files\Common Files\Intel\WirelessCommon\;C:\Program Files\Intel\Intel(R) Management Engine Components\DAL;C:\Program Files\Intel\Intel(R) Management Engine Components\IPT;C:\Program Files (x86)\Intel\Intel(R) Management Engine Components\DAL;C:\Program Files (x86)\Intel\Intel(R) Management Engine Components\IPT;C:\Program Files (x86)\Common Files\Acronis\SnapAPI\;C:\Program Files (x86)\Windows Kits\8.1\Windows Performance Toolkit\;C:\Program Files\Microsoft SQL Server\110\Tools\Binn\;C:\Program Files (x86)\Microsoft SDKs\TypeScript\1.0\;C:\Program Files\Microsoft SQL Server\120\Tools\Binn\;C:\Program Files (x86)\NVIDIA Corporation\PhysX\Common;C:\Program Files (x86)\eclipse;
USERNAME=Douglas
OS=Windows_NT
PROCESSOR_IDENTIFIER=Intel64 Family 6 Model 60 Stepping 3, GenuineIntel



---------------  S Y S T E M  ---------------

OS: Windows 8.1 , 64 bit Build 9600 (6.3.9600.17415)

CPU:total 8 (4 cores per cpu, 2 threads per core) family 6 model 60 stepping 3, cmov, cx8, fxsr, mmx, sse, sse2, sse3, ssse3, sse4.1, sse4.2, popcnt, avx, avx2, aes, clmul, erms, lzcnt, ht, tsc, tscinvbit, bmi1, bmi2

Memory: 4k page, physical 25113708k(19768120k free), swap 50279532k(43308056k free)

vm_info: Java HotSpot(TM) 64-Bit Server VM (25.45-b02) for windows-amd64 JRE (1.8.0_45-b15), built on Apr 30 2015 12:40:44 by "java_re" with MS VC++ 10.0 (VS2010)

time: Mon Jun 01 22:23:48 2015
elapsed time: 0 seconds (0d 0h 0m 0s)

